<?xml version="1.0" encoding="UTF-8"?>
<!-- Generated by org.testng.reporters.JUnitReportReporter -->
<testsuite hostname="Mahendra" failures="0" tests="2" name="AnnotationsCycle.SuperClass" time="0.013" errors="0" timestamp="2024-10-18T15:11:45 IST" skipped="0">
  <testcase classname="AnnotationsCycle.SuperClass" name="testTwo" time="0.002"/>
  <system-out/>
  <testcase classname="AnnotationsCycle.SuperClass" name="testOne" time="0.011"/>
  <system-out/>
</testsuite> <!-- AnnotationsCycle.SuperClass -->
