<?xml version="1.0" encoding="UTF-8"?>
<!-- Generated by org.testng.reporters.JUnitReportReporter -->
<testsuite hostname="Mahendra" failures="0" tests="3" name="TestNgPackage.ParallelTestClass" time="0.559" errors="0" timestamp="2024-10-13T16:44:22 IST" skipped="0">
  <testcase classname="TestNgPackage.ParallelTestClass" name="title" time="0.200"/>
  <system-out/>
  <testcase classname="TestNgPackage.ParallelTestClass" name="title" time="0.175"/>
  <system-out/>
  <testcase classname="TestNgPackage.ParallelTestClass" name="title" time="0.184"/>
  <system-out/>
</testsuite> <!-- TestNgPackage.ParallelTestClass -->
