<?xml version="1.0" encoding="UTF-8"?>
<!-- Generated by org.testng.reporters.JUnitReportReporter -->
<testsuite hostname="Mahendra" failures="0" tests="1" name="Dropdown_Values_Validation_with_Excel.Dropdown_Values_Validation_with_Excel" time="2.598" errors="0" timestamp="2024-09-10T13:53:51 IST" skipped="0">
  <testcase classname="Dropdown_Values_Validation_with_Excel.Dropdown_Values_Validation_with_Excel" name="dropdownValidationWithExcel" time="2.598"/>
  <system-out/>
</testsuite> <!-- Dropdown_Values_Validation_with_Excel.Dropdown_Values_Validation_with_Excel -->
