<?xml version="1.0" encoding="UTF-8"?>
<!-- Generated by org.testng.reporters.JUnitReportReporter -->
<testsuite hostname="Mahendra" failures="0" tests="1" name="Handling_WebTable.WebTable" time="0.490" errors="0" timestamp="2024-09-11T13:37:52 IST" skipped="0">
  <testcase classname="Handling_WebTable.WebTable" name="webTable" time="0.490"/>
  <system-out/>
</testsuite> <!-- Handling_WebTable.WebTable -->
