<?xml version="1.0" encoding="UTF-8"?>
<!-- Generated by org.testng.reporters.JUnitReportReporter -->
<testsuite hostname="Mahendra" failures="0" tests="1" name="Handling_Excel_Sheets.Handling_xlsx_File" time="1.238" errors="0" timestamp="2024-09-06T16:59:18 IST" skipped="0">
  <testcase classname="Handling_Excel_Sheets.Handling_xlsx_File" name="xlsHandling" time="1.238"/>
  <system-out/>
</testsuite> <!-- Handling_Excel_Sheets.Handling_xlsx_File -->
