<?xml version="1.0" encoding="UTF-8"?>
<!-- Generated by org.testng.reporters.JUnitReportReporter -->
<testsuite hostname="Mahendra" failures="0" tests="1" name="Dropdown_Values_Validation_with_Excel.Dropdown_Values_Validation_with_Excel2" time="1.827" errors="0" timestamp="2024-09-17T16:04:54 IST" skipped="0">
  <testcase classname="Dropdown_Values_Validation_with_Excel.Dropdown_Values_Validation_with_Excel2" name="dropdownValidationWithExcel" time="1.827"/>
  <system-out/>
</testsuite> <!-- Dropdown_Values_Validation_with_Excel.Dropdown_Values_Validation_with_Excel2 -->
