<?xml version="1.0" encoding="UTF-8"?>
<!-- Generated by org.testng.reporters.JUnitReportReporter -->
<testsuite hostname="Mahendra" failures="0" tests="1" name="Test.TestClass1" time="0.009" errors="0" timestamp="2024-09-18T15:23:46 IST" skipped="0">
  <testcase classname="Test.TestClass1" name="verifyTitle" time="0.009"/>
  <system-out/>
</testsuite> <!-- Test.TestClass1 -->
