<?xml version="1.0" encoding="UTF-8"?>
<!-- Generated by org.testng.reporters.JUnitReportReporter -->
<testsuite hostname="Mahendra" failures="0" tests="1" name="Dropdown_Values_Validation_with_Excel.Kalpana" time="1.942" errors="0" timestamp="2024-09-10T14:08:44 IST" skipped="0">
  <testcase classname="Dropdown_Values_Validation_with_Excel.Kalpana" name="verifyDropdownList" time="1.942"/>
  <system-out/>
</testsuite> <!-- Dropdown_Values_Validation_with_Excel.Kalpana -->
