<?xml version="1.0" encoding="UTF-8"?>
<!-- Generated by org.testng.reporters.JUnitReportReporter -->
<testsuite hostname="Mahendra" failures="0" tests="3" name="AnnotationsCycle.SubClass1" time="0.005" errors="0" timestamp="2024-10-18T15:04:01 IST" skipped="0">
  <testcase classname="AnnotationsCycle.SubClass1" name="Login" time="0.002"/>
  <system-out/>
  <testcase classname="AnnotationsCycle.SubClass1" name="testTwo" time="0.001"/>
  <system-out/>
  <testcase classname="AnnotationsCycle.SubClass1" name="testOne" time="0.002"/>
  <system-out/>
</testsuite> <!-- AnnotationsCycle.SubClass1 -->
