<?xml version="1.0" encoding="UTF-8"?>
<!-- Generated by org.testng.reporters.JUnitReportReporter -->
<testsuite hostname="Mahendra" failures="0" tests="3" name="AnnotationsCycle.SubClass2" time="0.003" errors="0" timestamp="2024-10-18T15:04:00 IST" skipped="0">
  <testcase classname="AnnotationsCycle.SubClass2" name="testOne" time="0.001"/>
  <system-out/>
  <testcase classname="AnnotationsCycle.SubClass2" name="testTwo" time="0.001"/>
  <system-out/>
  <testcase classname="AnnotationsCycle.SubClass2" name="Logout" time="0.001"/>
  <system-out/>
</testsuite> <!-- AnnotationsCycle.SubClass2 -->
