<?xml version="1.0" encoding="UTF-8"?>
<!-- Generated by org.testng.reporters.JUnitReportReporter -->
<testsuite hostname="Mahendra" failures="0" tests="1" name="Screenshot.Screenshot" time="0.122" errors="0" timestamp="2024-10-18T15:38:40 IST" skipped="0">
  <testcase classname="Screenshot.Screenshot" name="scrrenshot" time="0.122"/>
  <system-out/>
</testsuite> <!-- Screenshot.Screenshot -->
