<?xml version="1.0" encoding="UTF-8"?>
<!-- Generated by org.testng.reporters.JUnitReportReporter -->
<testsuite hostname="Mahendra" failures="0" tests="4" name="TestNgPackage.PriorityTestClass1" time="0.019" errors="0" timestamp="2024-10-16T09:42:45 IST" skipped="2">
  <testcase classname="TestNgPackage.PriorityTestClass1" name="successLogin" time="0.018"/>
  <system-out/>
  <testcase classname="TestNgPackage.PriorityTestClass1" name="addToCart" time="0.001"/>
  <system-out/>
  <testcase classname="TestNgPackage.PriorityTestClass1" name="welcomePage">
    <skipped/>
  </testcase> <!-- welcomePage -->
  <system-out/>
  <testcase classname="TestNgPackage.PriorityTestClass1" name="welcomePage">
    <skipped/>
  </testcase> <!-- welcomePage -->
  <system-out/>
</testsuite> <!-- TestNgPackage.PriorityTestClass1 -->
