<?xml version="1.0" encoding="UTF-8"?>
<!-- Generated by org.testng.reporters.JUnitReportReporter -->
<testsuite hostname="Mahendra" failures="0" tests="2" name="TestNgPackage.ParameterisedClass" time="0.021" errors="0" timestamp="2024-10-12T11:21:48 IST" skipped="0">
  <testcase classname="TestNgPackage.ParameterisedClass" name="browser" time="0.002"/>
  <system-out/>
  <testcase classname="TestNgPackage.ParameterisedClass" name="browser" time="0.019"/>
  <system-out/>
</testsuite> <!-- TestNgPackage.ParameterisedClass -->
